<?xml version="1.0" encoding="utf-8"?>
<testsuites name="DR Integration Tests">
  <testsuite name="DRIntegration" tests="9" failures="2" errors="0" skipped="0">
    <testcase name="test_pg_dump_available" classname="DRIntegration" time="0.1">
      
    </testcase>
    <testcase name="test_redis_cli_available" classname="DRIntegration" time="0.1">
      <failure message='redis-cli not available'/>
    </testcase>
    <testcase name="test_backup_postgres_creates_file" classname="DRIntegration" time="0.5">
      
    </testcase>
    <testcase name="test_pg_restore_lists_backup" classname="DRIntegration" time="0.5">
      
    </testcase>
    <testcase name="test_organization_id_in_backup" classname="DRIntegration" time="0.1">
      
    </testcase>
    <testcase name="test_organization_id_not_null" classname="DRIntegration" time="0.1">
      <failure message='organization_id allows NULL'/>
    </testcase>
    <testcase name="test_backup_restore_cycle" classname="DRIntegration" time="2.0">
      
    </testcase>
    <testcase name="test_multi_tenant_preserved" classname="DRIntegration" time="0.5">
      
    </testcase>
    <testcase name="test_rto_measurement" classname="DRIntegration" time="2.0">
      
    </testcase>
  </testsuite>
</testsuites>
