<?xml version="1.0" encoding="utf-8"?><testsuites name="pytest tests"><testsuite name="pytest" errors="0" failures="0" skipped="9" tests="77" time="13.306" timestamp="2026-04-24T03:46:17.930901+00:00" hostname="33b857382161"><testcase classname="tests.test_backup_dr.TestBackupAutomation" name="test_backup_script_exists" time="0.200" /><testcase classname="tests.test_backup_dr.TestBackupAutomation" name="test_backup_healthcheck_rpo_compliance" time="0.199" /><testcase classname="tests.test_backup_dr.TestBackupAutomation" name="test_backup_directory_structure" time="0.165" /><testcase classname="tests.test_backup_dr.TestBackupAutomation" name="test_backup_retention_policy" time="0.138" /><testcase classname="tests.test_backup_dr.TestBackupAutomation" name="test_backup_script_has_pg_dump" time="0.172" /><testcase classname="tests.test_backup_dr.TestBackupAutomation" name="test_backup_script_has_redis_backup" time="0.245" /><testcase classname="tests.test_backup_dr.TestBackupAutomation" name="test_healthcheck_script_has_exit_codes" time="0.187" /><testcase classname="tests.test_backup_dr.TestBackupExecution" name="test_pg_dump_available" time="0.131"><skipped type="pytest.skip" message="pg_dump not found in PATH - integration test">/app/tests/test_backup_dr.py:212: pg_dump not found in PATH - integration test</skipped></testcase><testcase classname="tests.test_backup_dr.TestBackupExecution" name="test_redis_cli_available" time="0.140"><skipped type="pytest.skip" message="redis-cli not found in PATH - integration test">/app/tests/test_backup_dr.py:225: redis-cli not found in PATH - integration test</skipped></testcase><testcase classname="tests.test_backup_dr.TestBackupExecution" name="test_pg_dump_version_format" time="0.157"><skipped type="pytest.skip" message="pg_dump not found in PATH">/app/tests/test_backup_dr.py:239: pg_dump not found in PATH</skipped></testcase><testcase classname="tests.test_backup_dr.TestBackupExecution" name="test_redis_cli_ping" time="0.205"><skipped type="pytest.skip" message="redis-cli not found in PATH">/app/tests/test_backup_dr.py:256: redis-cli not found in PATH</skipped></testcase><testcase classname="tests.test_backup_dr.TestBackupExecution" name="test_backup_postgres_creates_file" time="0.128"><skipped type="pytest.skip" message="pg_dump not available">/app/tests/test_backup_dr.py:284: pg_dump not available</skipped></testcase><testcase classname="tests.test_backup_dr.TestRestoreScript" name="test_restore_script_exists" time="0.170" /><testcase classname="tests.test_backup_dr.TestRestoreScript" name="test_restore_writes_rto_duration_file" time="0.148" /><testcase classname="tests.test_backup_dr.TestRestoreScript" name="test_dr_compose_file_exists" time="0.137" /><testcase classname="tests.test_backup_dr.TestRestoreScript" name="test_restore_script_has_pg_restore" time="0.141" /><testcase classname="tests.test_backup_dr.TestRestoreScript" name="test_restore_script_handles_mode" time="0.124" /><testcase classname="tests.test_backup_dr.TestRestoreScript" name="test_dr_compose_has_postgres_service" time="0.141" /><testcase classname="tests.test_backup_dr.TestRestoreScript" name="test_dr_compose_has_redis_service" time="0.145" /><testcase classname="tests.test_backup_dr.TestRestoreExecution" name="test_pg_restore_lists_backup" time="0.147"><skipped type="pytest.skip" message="No backup files found">/app/tests/test_backup_dr.py:346: No backup files found</skipped></testcase><testcase classname="tests.test_backup_dr.TestDRSimulation" name="test_dr_script_exists" time="0.124" /><testcase classname="tests.test_backup_dr.TestDRSimulation" name="test_rpo_verification_logic" time="0.169" /><testcase classname="tests.test_backup_dr.TestDRSimulation" name="test_rto_verification_logic" time="0.142" /><testcase classname="tests.test_backup_dr.TestDRSimulation" name="test_rto_core_threshold" time="0.134" /><testcase classname="tests.test_backup_dr.TestDRSimulation" name="test_rpo_threshold_calculation" time="0.150" /><testcase classname="tests.test_backup_dr.TestDRSimulation" name="test_rto_e2e_calculation" time="0.128" /><testcase classname="tests.test_backup_dr.TestDRSimulation" name="test_dr_script_has_rpo_check" time="0.141" /><testcase classname="tests.test_backup_dr.TestDRSimulation" name="test_dr_script_has_rto_tracking" time="0.146" /><testcase classname="tests.test_backup_dr.TestMultiTenantIntegrity" name="test_organization_id_in_backup" time="0.131"><skipped type="pytest.skip" message="psql not available">/app/tests/test_backup_dr.py:460: psql not available</skipped></testcase><testcase classname="tests.test_backup_dr.TestMultiTenantIntegrity" name="test_organization_id_not_null" time="0.128"><skipped type="pytest.skip" message="psql not available">/app/tests/test_backup_dr.py:481: psql not available</skipped></testcase><testcase classname="tests.test_backup_dr.TestMultiTenantRestore" name="test_scripts_filter_by_organization_id" time="0.136" /><testcase classname="tests.test_backup_dr.TestMultiTenantRestore" name="test_healthcheck_validates_rpo_with_org_context" time="0.166" /><testcase classname="tests.test_backup_dr.TestMultiTenantRestore" name="test_cross_tenant_restore_blocked_in_documentation" time="0.158" /><testcase classname="tests.test_backup_dr.TestMultiTenantRestore" name="test_rto_standard_doc_exists" time="0.140" /><testcase classname="tests.test_backup_dr.TestMultiTenantRestore" name="test_rto_standard_has_core_definition" time="0.131" /><testcase classname="tests.test_backup_dr.TestDocumentation" name="test_dr_plan_exists" time="0.128" /><testcase classname="tests.test_backup_dr.TestDocumentation" name="test_dr_plan_has_rpo_rto" time="0.158" /><testcase classname="tests.test_backup_dr.TestDocumentation" name="test_dr_plan_has_checklist" time="0.139" /><testcase classname="tests.test_backup_dr.TestDocumentation" name="test_dr_ci_workflow_exists" time="0.152" /><testcase classname="tests.test_backup_dr.TestDocumentation" name="test_dr_ci_workflow_has_jobs" time="0.204" /><testcase classname="tests.test_backup_dr.TestMonitoring" name="test_backup_log_directory" time="0.143" /><testcase classname="tests.test_backup_dr.TestMonitoring" name="test_backup_reports_directory" time="0.139" /><testcase classname="tests.test_backup_dr.TestMonitoring" name="test_log_directory_writable" time="0.197" /><testcase classname="tests.test_backup_dr.TestMonitoring" name="test_reports_directory_writable" time="0.165" /><testcase classname="tests.test_backup_dr.TestBackupRestoreIntegration" name="test_backup_restore_cycle" time="0.140"><skipped type="pytest.skip" message="pg_dump/pg_restore not available">/app/tests/test_backup_dr.py:651: pg_dump/pg_restore not available</skipped></testcase><testcase classname="tests.test_backup_dr.TestRTOMetrics" name="test_rto_core_threshold_exceeded_fails" time="0.170" /><testcase classname="tests.test_backup_dr.TestRTOMetrics" name="test_rto_e2e_threshold_exceeded_fails" time="0.137" /><testcase classname="tests.test_backup_dr.TestRTOMetrics" name="test_rpo_within_threshold" time="0.164" /><testcase classname="tests.test_backup_dr.TestRTOMetrics" name="test_rpo_exceeds_threshold" time="0.131" /><testcase classname="tests.test_backup_dr.TestRTOMetrics" name="test_rto_format_consistency" time="0.136" /><testcase classname="tests.test_backup_dr.TestRTOMetrics" name="test_rto_calculation_components" time="0.139" /><testcase classname="tests.test_backup_dr.TestConstants" name="test_rpo_max_hours_value" time="0.121" /><testcase classname="tests.test_backup_dr.TestConstants" name="test_rto_max_seconds_value" time="0.134" /><testcase classname="tests.test_backup_dr.TestConstants" name="test_rto_core_max_seconds_value" time="0.154" /><testcase classname="tests.test_backup_dr.TestConstants" name="test_retention_days_value" time="0.143" /><testcase classname="tests.test_backup_dr.TestConstants" name="test_retention_seconds_calculation" time="0.153" /><testcase classname="tests.test_backup_dr_additional.TestBackupIntegrationDirect" name="test_backup_environment_configured" time="0.125" /><testcase classname="tests.test_backup_dr_additional.TestBackupIntegrationDirect" name="test_restore_environment_configured" time="0.129" /><testcase classname="tests.test_backup_dr_additional.TestBackupIntegrationDirect" name="test_redis_backup_configured" time="0.168" /><testcase classname="tests.test_backup_dr_additional.TestBackupIntegrationDirect" name="test_healthcheck_script_validates_backup_age" time="0.152" /><testcase classname="tests.test_backup_dr_additional.TestMultiTenantIntegrationConfig" name="test_backup_script_filters_by_org" time="0.132" /><testcase classname="tests.test_backup_dr_additional.TestMultiTenantIntegrationConfig" name="test_rto_tracking_enabled" time="0.151" /><testcase classname="tests.test_backup_dr_additional.TestMultiTenantIntegrationConfig" name="test_cross_tenant_blocked_in_restore" time="0.167" /><testcase classname="tests.test_backup_dr_additional.TestMultiTenantIntegrationConfig" name="test_seed_script_has_multi_tenant_data" time="0.160" /><testcase classname="tests.test_backup_dr_additional.TestMonitoringAdditional" name="test_backup_dir_has_logs_subdir" time="0.172" /><testcase classname="tests.test_backup_dr_additional.TestMonitoringAdditional" name="test_backup_dir_has_reports_subdir" time="0.194" /><testcase classname="tests.test_backup_dr_additional.TestMonitoringAdditional" name="test_writes_to_logs_directory" time="0.288" /><testcase classname="tests.test_backup_dr_additional.TestMonitoringAdditional" name="test_writes_to_reports_directory" time="0.156" /><testcase classname="tests.test_backup_dr_additional.TestRTOAdditional" name="test_rto_core_threshold_less_than_30" time="0.127" /><testcase classname="tests.test_backup_dr_additional.TestRTOAdditional" name="test_rto_e2e_threshold_less_than_900" time="0.118" /><testcase classname="tests.test_backup_dr_additional.TestRTOAdditional" name="test_rpo_max_hours_is_2" time="0.117" /><testcase classname="tests.test_backup_dr_additional.TestRTOAdditional" name="test_rto_log_format_t_plus" time="0.167" /><testcase classname="tests.test_backup_dr_additional.TestConstantsAdditional" name="test_rpo_max_hours_equals_2" time="0.127" /><testcase classname="tests.test_backup_dr_additional.TestConstantsAdditional" name="test_rto_max_seconds_equals_900" time="0.130" /><testcase classname="tests.test_backup_dr_additional.TestConstantsAdditional" name="test_rto_core_max_seconds_equals_30" time="0.134" /><testcase classname="tests.test_backup_dr_additional.TestConstantsAdditional" name="test_retention_days_equals_7" time="0.142" /><testcase classname="tests.test_backup_dr_additional.TestConstantsAdditional" name="test_retention_seconds_calculation_correct" time="0.145" /></testsuite></testsuites>