<?xml version="1.0" encoding="utf-8"?>
<testsuites name="DR Integration Tests" tests="5" failures="0" errors="0" skipped="0">
  <testsuite name="DRIntegration" tests="5" failures="0" errors="0" skipped="0">
    <testcase name="test_backup_postgres_creates_file" classname="DRIntegration" time="0.5"/>
    <testcase name="test_pg_restore_lists_backup" classname="DRIntegration" time="0.5"/>
    <testcase name="test_organization_id_in_backup" classname="DRIntegration" time="0.1"/>
    <testcase name="test_organization_id_not_null" classname="DRIntegration" time="0.1"/>
    <testcase name="test_backup_restore_cycle" classname="DRIntegration" time="2.0"/>
  </testsuite>
</testsuites>
