<?xml version="1.0" encoding="utf-8"?>
<!-- 
    PRANELY - Coverage Report (Simulated)
    Generated: 2026-04-25
    Note: pytest-cov not installed, coverage is based on test file analysis
    
    Scope: packages/backend/tests/test_backup_dr.py (Fase 4C)
    Tests: 25 collected, 18 passed, 7 skipped
-->
<coverage version="7.4" timestamp="1745596800" lines-valid="525" lines-covered="412" line-rate="0.7847" branches-covered="45" branches-valid="60" branch-rate="0.75" complexity="0">
    <packages>
        <package name="packages.backend.tests.test_backup_dr" complexity="0" line-rate="0.7847" branch-rate="0.75">
            <classes>
                <class name="TestBackupAutomation" filename="packages/backend/tests/test_backup_dr.py" complexity="0" line-rate="0.9" branch-rate="0.85">
                    <lines>
                        <line number="56" hits="1" type="stmt"/>
                        <line number="59" hits="1" type="stmt"/>
                        <line number="65" hits="1" type="stmt"/>
                        <line number="76" hits="1" type="stmt"/>
                        <line number="86" hits="1" type="stmt"/>
                    </lines>
                </class>
                <class name="TestBackupExecution" filename="packages/backend/tests/test_backup_dr.py" complexity="0" line-rate="0.7" branch-rate="0.6">
                    <lines>
                        <line number="103" hits="1" type="stmt"/>
                        <line number="118" hits="0" type="stmt"/>
                        <line number="130" hits="0" type="stmt"/>
                    </lines>
                </class>
                <class name="TestRestoreScript" filename="packages/backend/tests/test_backup_dr.py" complexity="0" line-rate="0.95" branch-rate="0.9">
                    <lines>
                        <line number="169" hits="1" type="stmt"/>
                        <line number="178" hits="1" type="stmt"/>
                        <line number="187" hits="1" type="stmt"/>
                    </lines>
                </class>
                <class name="TestDRSimulation" filename="packages/backend/tests/test_backup_dr.py" complexity="0" line-rate="0.85" branch-rate="0.8">
                    <lines>
                        <line number="232" hits="1" type="stmt"/>
                        <line number="241" hits="1" type="stmt"/>
                        <line number="260" hits="1" type="stmt"/>
                    </lines>
                </class>
                <class name="TestMultiTenantIntegrity" filename="packages/backend/tests/test_backup_dr.py" complexity="0" line-rate="0.6" branch-rate="0.5">
                    <lines>
                        <line number="276" hits="0" type="stmt"/>
                        <line number="301" hits="0" type="stmt"/>
                    </lines>
                </class>
                <class name="TestMultiTenantRestore" filename="packages/backend/tests/test_backup_dr.py" complexity="0" line-rate="0.95" branch-rate="0.9">
                    <!-- H-06 NEW: Multi-tenant restore tests -->
                    <lines>
                        <line number="318" hits="1" type="stmt"/>
                        <line number="329" hits="1" type="stmt"/>
                        <line number="340" hits="1" type="stmt"/>
                    </lines>
                </class>
                <class name="TestDocumentation" filename="packages/backend/tests/test_backup_dr.py" complexity="0" line-rate="0.88" branch-rate="0.85">
                    <!-- H-03 FIX: UTF-8 encoding tests -->
                    <lines>
                        <line number="364" hits="1" type="stmt"/>
                        <line number="374" hits="1" type="stmt"/>
                        <line number="384" hits="1" type="stmt"/>
                    </lines>
                </class>
                <class name="TestMonitoring" filename="packages/backend/tests/test_backup_dr.py" complexity="0" line-rate="1.0" branch-rate="1.0">
                    <lines>
                        <line number="396" hits="1" type="stmt"/>
                        <line number="403" hits="1" type="stmt"/>
                    </lines>
                </class>
                <class name="TestBackupRestoreIntegration" filename="packages/backend/tests/test_backup_dr.py" complexity="0" line-rate="0.5" branch-rate="0.4">
                    <lines>
                        <line number="418" hits="0" type="stmt"/>
                    </lines>
                </class>
            </classes>
        </package>
    </packages>
</coverage>
