<?xml version="1.0" encoding="utf-8"?><testsuites name="pytest tests"><testsuite name="pytest" errors="0" failures="0" skipped="7" tests="25" time="1.807" timestamp="2026-04-23T14:02:09.851149-07:00" hostname="LAPTOP-3RQSPREU"><testcase classname="tests.test_backup_dr.TestBackupAutomation" name="test_backup_script_exists" time="0.069" /><testcase classname="tests.test_backup_dr.TestBackupAutomation" name="test_backup_healthcheck_rpo_compliance" time="0.069" /><testcase classname="tests.test_backup_dr.TestBackupAutomation" name="test_backup_directory_structure" time="0.071" /><testcase classname="tests.test_backup_dr.TestBackupAutomation" name="test_backup_retention_policy" time="0.067" /><testcase classname="tests.test_backup_dr.TestBackupExecution" name="test_pg_dump_available" time="0.066"><skipped type="pytest.skip" message="pg_dump not found in PATH - integration test">C:\Projects\Pranely\packages\backend\tests\test_backup_dr.py:157: pg_dump not found in PATH - integration test</skipped></testcase><testcase classname="tests.test_backup_dr.TestBackupExecution" name="test_redis_cli_available" time="0.062"><skipped type="pytest.skip" message="redis-cli not found in PATH - integration test">C:\Projects\Pranely\packages\backend\tests\test_backup_dr.py:172: redis-cli not found in PATH - integration test</skipped></testcase><testcase classname="tests.test_backup_dr.TestBackupExecution" name="test_backup_postgres_creates_file" time="0.071"><skipped type="pytest.skip" message="pg_dump not available - integration test">C:\Projects\Pranely\packages\backend\tests\test_backup_dr.py:212: pg_dump not available - integration test</skipped></testcase><testcase classname="tests.test_backup_dr.TestRestoreScript" name="test_restore_script_exists" time="0.059" /><testcase classname="tests.test_backup_dr.TestRestoreScript" name="test_restore_writes_rto_duration_file" time="0.058" /><testcase classname="tests.test_backup_dr.TestRestoreScript" name="test_dr_compose_file_exists" time="0.094" /><testcase classname="tests.test_backup_dr.TestRestoreExecution" name="test_pg_restore_lists_backup" time="0.072"><skipped type="pytest.skip" message="No backup files found - integration test">C:\Projects\Pranely\packages\backend\tests\test_backup_dr.py:256: No backup files found - integration test</skipped></testcase><testcase classname="tests.test_backup_dr.TestDRSimulation" name="test_dr_script_exists" time="0.065" /><testcase classname="tests.test_backup_dr.TestDRSimulation" name="test_rpo_verification_logic" time="0.065" /><testcase classname="tests.test_backup_dr.TestDRSimulation" name="test_rto_verification_logic" time="0.061" /><testcase classname="tests.test_backup_dr.TestMultiTenantIntegrity" name="test_organization_id_in_backup" time="0.080"><skipped type="pytest.skip" message="psql not available - integration test">C:\Projects\Pranely\packages\backend\tests\test_backup_dr.py:364: psql not available - integration test</skipped></testcase><testcase classname="tests.test_backup_dr.TestMultiTenantIntegrity" name="test_organization_id_not_null" time="0.080"><skipped type="pytest.skip" message="psql not available - integration test">C:\Projects\Pranely\packages\backend\tests\test_backup_dr.py:395: psql not available - integration test</skipped></testcase><testcase classname="tests.test_backup_dr.TestMultiTenantRestore" name="test_scripts_filter_by_organization_id" time="0.065" /><testcase classname="tests.test_backup_dr.TestMultiTenantRestore" name="test_healthcheck_validates_rpo_with_org_context" time="0.064" /><testcase classname="tests.test_backup_dr.TestMultiTenantRestore" name="test_cross_tenant_restore_blocked_in_documentation" time="0.069" /><testcase classname="tests.test_backup_dr.TestDocumentation" name="test_dr_plan_exists" time="0.066" /><testcase classname="tests.test_backup_dr.TestDocumentation" name="test_dr_plan_has_rpo_rto" time="0.067" /><testcase classname="tests.test_backup_dr.TestDocumentation" name="test_dr_plan_has_checklist" time="0.065" /><testcase classname="tests.test_backup_dr.TestMonitoring" name="test_backup_log_directory" time="0.062" /><testcase classname="tests.test_backup_dr.TestMonitoring" name="test_backup_reports_directory" time="0.060" /><testcase classname="tests.test_backup_dr.TestBackupRestoreIntegration" name="test_backup_restore_cycle" time="0.109"><skipped type="pytest.skip" message="pg_dump/pg_restore not available - integration test">C:\Projects\Pranely\packages\backend\tests\test_backup_dr.py:591: pg_dump/pg_restore not available - integration test</skipped></testcase></testsuite></testsuites>