<?xml version="1.0" encoding="utf-8"?><testsuites name="pytest tests"><testsuite name="pytest" errors="0" failures="0" skipped="7" tests="25" time="2.951" timestamp="2026-04-23T21:17:45.519148+00:00" hostname="33b857382161"><testcase classname="tests.test_backup_dr.TestBackupAutomation" name="test_backup_script_exists" time="0.118" /><testcase classname="tests.test_backup_dr.TestBackupAutomation" name="test_backup_healthcheck_rpo_compliance" time="0.085" /><testcase classname="tests.test_backup_dr.TestBackupAutomation" name="test_backup_directory_structure" time="0.130" /><testcase classname="tests.test_backup_dr.TestBackupAutomation" name="test_backup_retention_policy" time="0.075" /><testcase classname="tests.test_backup_dr.TestBackupExecution" name="test_pg_dump_available" time="0.072"><skipped type="pytest.skip" message="pg_dump not found in PATH - integration test">/app/tests/test_backup_dr.py:129: pg_dump not found in PATH - integration test</skipped></testcase><testcase classname="tests.test_backup_dr.TestBackupExecution" name="test_redis_cli_available" time="0.089"><skipped type="pytest.skip" message="redis-cli not found in PATH - integration test">/app/tests/test_backup_dr.py:142: redis-cli not found in PATH - integration test</skipped></testcase><testcase classname="tests.test_backup_dr.TestBackupExecution" name="test_backup_postgres_creates_file" time="0.091"><skipped type="pytest.skip" message="pg_dump not available">/app/tests/test_backup_dr.py:170: pg_dump not available</skipped></testcase><testcase classname="tests.test_backup_dr.TestRestoreScript" name="test_restore_script_exists" time="0.078" /><testcase classname="tests.test_backup_dr.TestRestoreScript" name="test_restore_writes_rto_duration_file" time="0.080" /><testcase classname="tests.test_backup_dr.TestRestoreScript" name="test_dr_compose_file_exists" time="0.095" /><testcase classname="tests.test_backup_dr.TestRestoreExecution" name="test_pg_restore_lists_backup" time="0.129"><skipped type="pytest.skip" message="No backup files found">/app/tests/test_backup_dr.py:201: No backup files found</skipped></testcase><testcase classname="tests.test_backup_dr.TestDRSimulation" name="test_dr_script_exists" time="0.225" /><testcase classname="tests.test_backup_dr.TestDRSimulation" name="test_rpo_verification_logic" time="0.123" /><testcase classname="tests.test_backup_dr.TestDRSimulation" name="test_rto_verification_logic" time="0.113" /><testcase classname="tests.test_backup_dr.TestMultiTenantIntegrity" name="test_organization_id_in_backup" time="0.122"><skipped type="pytest.skip" message="psql not available">/app/tests/test_backup_dr.py:270: psql not available</skipped></testcase><testcase classname="tests.test_backup_dr.TestMultiTenantIntegrity" name="test_organization_id_not_null" time="0.135"><skipped type="pytest.skip" message="psql not available">/app/tests/test_backup_dr.py:291: psql not available</skipped></testcase><testcase classname="tests.test_backup_dr.TestMultiTenantRestore" name="test_scripts_filter_by_organization_id" time="0.072" /><testcase classname="tests.test_backup_dr.TestMultiTenantRestore" name="test_healthcheck_validates_rpo_with_org_context" time="0.081" /><testcase classname="tests.test_backup_dr.TestMultiTenantRestore" name="test_cross_tenant_restore_blocked_in_documentation" time="0.072" /><testcase classname="tests.test_backup_dr.TestDocumentation" name="test_dr_plan_exists" time="0.075" /><testcase classname="tests.test_backup_dr.TestDocumentation" name="test_dr_plan_has_rpo_rto" time="0.079" /><testcase classname="tests.test_backup_dr.TestDocumentation" name="test_dr_plan_has_checklist" time="0.164" /><testcase classname="tests.test_backup_dr.TestMonitoring" name="test_backup_log_directory" time="0.114" /><testcase classname="tests.test_backup_dr.TestMonitoring" name="test_backup_reports_directory" time="0.072" /><testcase classname="tests.test_backup_dr.TestBackupRestoreIntegration" name="test_backup_restore_cycle" time="0.080"><skipped type="pytest.skip" message="pg_dump/pg_restore not available">/app/tests/test_backup_dr.py:405: pg_dump/pg_restore not available</skipped></testcase></testsuite></testsuites>